2026-03-30 02:20:13,335 [INFO] mm_pipeline: Logging to logs/pipeline_20260330_022013.log
2026-03-30 02:20:14,273 [INFO] mm_pipeline: ======================================================================
2026-03-30 02:20:14,274 [INFO] mm_pipeline: R5 — MM Imaging Pathology & Radiomics Pipeline v0.1.0
2026-03-30 02:20:14,274 [INFO] mm_pipeline: Run ID:  20260330_022014
2026-03-30 02:20:14,274 [INFO] mm_pipeline: Config:  configs/pipeline.json
2026-03-30 02:20:14,274 [INFO] mm_pipeline: Stages:  ['preprocessing', 'baselines', 'foundation', 'fusion', 'evaluation', 'report']
2026-03-30 02:20:14,274 [INFO] mm_pipeline: Output:  /tmp/mm_pipeline_test__onhnu90
2026-03-30 02:20:14,274 [INFO] mm_pipeline: Device:  cpu
2026-03-30 02:20:14,274 [INFO] mm_pipeline: Seed:    42
2026-03-30 02:20:14,274 [INFO] mm_pipeline: ======================================================================
2026-03-30 02:20:14,274 [INFO] src.utils.config: Loaded config from configs/data_pipeline.json (9 top-level keys)
2026-03-30 02:20:14,274 [INFO] src.utils.config: Loaded config from configs/model_baselines.json (9 top-level keys)
2026-03-30 02:20:14,275 [INFO] src.utils.config: Loaded config from configs/foundation_models.json (9 top-level keys)
2026-03-30 02:20:14,275 [INFO] src.utils.config: Loaded config from configs/foundation_models.json (9 top-level keys)
2026-03-30 02:20:14,275 [INFO] src.utils.config: Loaded config from configs/evaluation.json (11 top-level keys)
2026-03-30 02:20:14,275 [INFO] src.utils.config: Loaded config from configs/evaluation.json (11 top-level keys)
2026-03-30 02:20:14,275 [INFO] mm_pipeline: ------------------------------------------------------------
2026-03-30 02:20:14,275 [INFO] mm_pipeline: STAGE: PREPROCESSING
2026-03-30 02:20:14,275 [INFO] mm_pipeline: ------------------------------------------------------------
2026-03-30 02:20:14,377 [INFO] numexpr.utils: Note: detected 128 virtual cores but NumExpr set to maximum of 64, check "NUMEXPR_MAX_THREADS" environment variable.
2026-03-30 02:20:14,377 [INFO] numexpr.utils: Note: NumExpr detected 128 cores but "NUMEXPR_MAX_THREADS" not set, so enforcing safe limit of 16.
2026-03-30 02:20:14,377 [INFO] numexpr.utils: NumExpr defaulting to 16 threads.
2026-03-30 02:20:14,522 [INFO] mm_pipeline: Generating synthetic demo data...
2026-03-30 02:20:14,523 [INFO] scripts.generate_demo_data: Generating demo data: 60 patients, 60 slides, 6000 tiles
2026-03-30 02:20:14,525 [INFO] scripts.generate_demo_data: Patient metadata: /tmp/mm_pipeline_test__onhnu90/data/patient_metadata.csv (60 patients)
2026-03-30 02:20:14,537 [INFO] scripts.generate_demo_data: Slide metadata: /tmp/mm_pipeline_test__onhnu90/data/slide_metadata.csv (60 slides)
2026-03-30 02:20:14,674 [INFO] scripts.generate_demo_data: Tile manifest: /tmp/mm_pipeline_test__onhnu90/data/tiles/tile_manifest.csv (6000 tiles)
2026-03-30 02:20:14,697 [INFO] scripts.generate_demo_data: Sample tile images saved to /tmp/mm_pipeline_test__onhnu90/data/tiles/images
2026-03-30 02:20:16,920 [INFO] scripts.generate_demo_data: Embeddings: /tmp/mm_pipeline_test__onhnu90/data/embeddings/embeddings.npz (2048-dim)
2026-03-30 02:20:16,928 [INFO] scripts.generate_demo_data: Radiomics features: /tmp/mm_pipeline_test__onhnu90/data/features/radiomics_features.csv (93 features)
2026-03-30 02:20:16,931 [INFO] scripts.generate_demo_data: Splits: /tmp/mm_pipeline_test__onhnu90/data/splits/splits.csv (train=42, val=9, test=9)
2026-03-30 02:20:16,932 [INFO] scripts.generate_demo_data: Demo data summary: /tmp/mm_pipeline_test__onhnu90/data/demo_data_summary.json
2026-03-30 02:20:16,948 [INFO] mm_pipeline:   train: 42 slides
2026-03-30 02:20:16,948 [INFO] mm_pipeline:   val: 9 slides
2026-03-30 02:20:16,948 [INFO] mm_pipeline:   test: 9 slides
2026-03-30 02:20:16,948 [INFO] mm_pipeline: Preprocessing complete: 60 patients, 60 slides, 6000 tiles
2026-03-30 02:20:16,948 [INFO] mm_pipeline: Stage preprocessing completed in 2.7s
2026-03-30 02:20:16,948 [INFO] mm_pipeline: ------------------------------------------------------------
2026-03-30 02:20:16,948 [INFO] mm_pipeline: STAGE: BASELINES
2026-03-30 02:20:16,948 [INFO] mm_pipeline: ------------------------------------------------------------
2026-03-30 02:20:18,104 [INFO] mm_pipeline: Data: train=42, val=9, test=9
2026-03-30 02:20:18,104 [INFO] mm_pipeline: Training mean-pool + LogisticRegression baseline...
2026-03-30 02:20:18,109 [INFO] mm_pipeline:   LogisticRegression: AUROC=0.9000, Acc=0.5556
2026-03-30 02:20:18,109 [INFO] mm_pipeline: Training mean-pool + RandomForest baseline...
2026-03-30 02:20:18,220 [INFO] mm_pipeline:   RandomForest: AUROC=1.0000, Acc=0.8889
2026-03-30 02:20:18,220 [INFO] mm_pipeline: Training ABMIL...
2026-03-30 02:20:20,000 [INFO] src.utils.checkpoint_manager: Checkpoint saved: /tmp/mm_pipeline_test__onhnu90/baselines/checkpoints/abmil/abmil_20260330_022014_epoch0000.pt (epoch 0, val_auroc=0.2857142857142857)
2026-03-30 02:20:20,000 [INFO] src.utils.checkpoint_manager: New best: val_auroc=0.2857
2026-03-30 02:20:20,001 [INFO] mm_pipeline:   Epoch 1/30: loss=29.3628, val_auroc=0.2857
2026-03-30 02:20:20,929 [INFO] src.utils.checkpoint_manager: Checkpoint saved: /tmp/mm_pipeline_test__onhnu90/baselines/checkpoints/abmil/abmil_20260330_022014_epoch0001.pt (epoch 1, val_auroc=0.5)
2026-03-30 02:20:20,930 [INFO] src.utils.checkpoint_manager: New best: val_auroc=0.5000
2026-03-30 02:20:21,855 [INFO] src.utils.checkpoint_manager: Checkpoint saved: /tmp/mm_pipeline_test__onhnu90/baselines/checkpoints/abmil/abmil_20260330_022014_epoch0002.pt (epoch 2, val_auroc=0.5)
2026-03-30 02:20:22,770 [INFO] src.utils.checkpoint_manager: Checkpoint saved: /tmp/mm_pipeline_test__onhnu90/baselines/checkpoints/abmil/abmil_20260330_022014_epoch0003.pt (epoch 3, val_auroc=0.5)
2026-03-30 02:20:23,712 [INFO] src.utils.checkpoint_manager: Checkpoint saved: /tmp/mm_pipeline_test__onhnu90/baselines/checkpoints/abmil/abmil_20260330_022014_epoch0004.pt (epoch 4, val_auroc=0.5)
2026-03-30 02:20:24,631 [INFO] src.utils.checkpoint_manager: Checkpoint saved: /tmp/mm_pipeline_test__onhnu90/baselines/checkpoints/abmil/abmil_20260330_022014_epoch0005.pt (epoch 5, val_auroc=0.5)
2026-03-30 02:20:25,592 [INFO] src.utils.checkpoint_manager: Checkpoint saved: /tmp/mm_pipeline_test__onhnu90/baselines/checkpoints/abmil/abmil_20260330_022014_epoch0006.pt (epoch 6, val_auroc=0.5)
2026-03-30 02:20:26,507 [INFO] src.utils.checkpoint_manager: Checkpoint saved: /tmp/mm_pipeline_test__onhnu90/baselines/checkpoints/abmil/abmil_20260330_022014_epoch0007.pt (epoch 7, val_auroc=0.5)
2026-03-30 02:20:27,430 [INFO] src.utils.checkpoint_manager: Checkpoint saved: /tmp/mm_pipeline_test__onhnu90/baselines/checkpoints/abmil/abmil_20260330_022014_epoch0008.pt (epoch 8, val_auroc=0.5)
2026-03-30 02:20:28,366 [INFO] src.utils.checkpoint_manager: Checkpoint saved: /tmp/mm_pipeline_test__onhnu90/baselines/checkpoints/abmil/abmil_20260330_022014_epoch0009.pt (epoch 9, val_auroc=0.5)
2026-03-30 02:20:28,368 [INFO] mm_pipeline:   Epoch 10/30: loss=0.0129, val_auroc=0.5000
2026-03-30 02:20:29,330 [INFO] src.utils.checkpoint_manager: Checkpoint saved: /tmp/mm_pipeline_test__onhnu90/baselines/checkpoints/abmil/abmil_20260330_022014_epoch0010.pt (epoch 10, val_auroc=0.5)
2026-03-30 02:20:30,280 [INFO] src.utils.checkpoint_manager: Checkpoint saved: /tmp/mm_pipeline_test__onhnu90/baselines/checkpoints/abmil/abmil_20260330_022014_epoch0011.pt (epoch 11, val_auroc=0.5)
2026-03-30 02:20:31,238 [INFO] src.utils.checkpoint_manager: Checkpoint saved: /tmp/mm_pipeline_test__onhnu90/baselines/checkpoints/abmil/abmil_20260330_022014_epoch0012.pt (epoch 12, val_auroc=0.5)
2026-03-30 02:20:32,167 [INFO] src.utils.checkpoint_manager: Checkpoint saved: /tmp/mm_pipeline_test__onhnu90/baselines/checkpoints/abmil/abmil_20260330_022014_epoch0013.pt (epoch 13, val_auroc=0.5)
2026-03-30 02:20:33,100 [INFO] src.utils.checkpoint_manager: Checkpoint saved: /tmp/mm_pipeline_test__onhnu90/baselines/checkpoints/abmil/abmil_20260330_022014_epoch0014.pt (epoch 14, val_auroc=0.5)
2026-03-30 02:20:34,039 [INFO] src.utils.checkpoint_manager: Checkpoint saved: /tmp/mm_pipeline_test__onhnu90/baselines/checkpoints/abmil/abmil_20260330_022014_epoch0015.pt (epoch 15, val_auroc=0.5)
2026-03-30 02:20:34,980 [INFO] src.utils.checkpoint_manager: Checkpoint saved: /tmp/mm_pipeline_test__onhnu90/baselines/checkpoints/abmil/abmil_20260330_022014_epoch0016.pt (epoch 16, val_auroc=0.5)
2026-03-30 02:20:35,912 [INFO] src.utils.checkpoint_manager: Checkpoint saved: /tmp/mm_pipeline_test__onhnu90/baselines/checkpoints/abmil/abmil_20260330_022014_epoch0017.pt (epoch 17, val_auroc=0.5)
2026-03-30 02:20:36,858 [INFO] src.utils.checkpoint_manager: Checkpoint saved: /tmp/mm_pipeline_test__onhnu90/baselines/checkpoints/abmil/abmil_20260330_022014_epoch0018.pt (epoch 18, val_auroc=0.5)
2026-03-30 02:20:37,786 [INFO] src.utils.checkpoint_manager: Checkpoint saved: /tmp/mm_pipeline_test__onhnu90/baselines/checkpoints/abmil/abmil_20260330_022014_epoch0019.pt (epoch 19, val_auroc=0.5)
2026-03-30 02:20:37,789 [INFO] mm_pipeline:   Epoch 20/30: loss=0.0046, val_auroc=0.5000
2026-03-30 02:20:38,723 [INFO] src.utils.checkpoint_manager: Checkpoint saved: /tmp/mm_pipeline_test__onhnu90/baselines/checkpoints/abmil/abmil_20260330_022014_epoch0020.pt (epoch 20, val_auroc=0.5)
2026-03-30 02:20:39,674 [INFO] src.utils.checkpoint_manager: Checkpoint saved: /tmp/mm_pipeline_test__onhnu90/baselines/checkpoints/abmil/abmil_20260330_022014_epoch0021.pt (epoch 21, val_auroc=0.5)
2026-03-30 02:20:40,623 [INFO] src.utils.checkpoint_manager: Checkpoint saved: /tmp/mm_pipeline_test__onhnu90/baselines/checkpoints/abmil/abmil_20260330_022014_epoch0022.pt (epoch 22, val_auroc=0.5)
2026-03-30 02:20:41,536 [INFO] src.utils.checkpoint_manager: Checkpoint saved: /tmp/mm_pipeline_test__onhnu90/baselines/checkpoints/abmil/abmil_20260330_022014_epoch0023.pt (epoch 23, val_auroc=0.5)
2026-03-30 02:20:42,495 [INFO] src.utils.checkpoint_manager: Checkpoint saved: /tmp/mm_pipeline_test__onhnu90/baselines/checkpoints/abmil/abmil_20260330_022014_epoch0024.pt (epoch 24, val_auroc=0.5)
2026-03-30 02:20:43,420 [INFO] src.utils.checkpoint_manager: Checkpoint saved: /tmp/mm_pipeline_test__onhnu90/baselines/checkpoints/abmil/abmil_20260330_022014_epoch0025.pt (epoch 25, val_auroc=0.5)
2026-03-30 02:20:44,368 [INFO] src.utils.checkpoint_manager: Checkpoint saved: /tmp/mm_pipeline_test__onhnu90/baselines/checkpoints/abmil/abmil_20260330_022014_epoch0026.pt (epoch 26, val_auroc=0.5)
2026-03-30 02:20:45,331 [INFO] src.utils.checkpoint_manager: Checkpoint saved: /tmp/mm_pipeline_test__onhnu90/baselines/checkpoints/abmil/abmil_20260330_022014_epoch0027.pt (epoch 27, val_auroc=0.5)
2026-03-30 02:20:46,267 [INFO] src.utils.checkpoint_manager: Checkpoint saved: /tmp/mm_pipeline_test__onhnu90/baselines/checkpoints/abmil/abmil_20260330_022014_epoch0028.pt (epoch 28, val_auroc=0.5)
2026-03-30 02:20:47,240 [INFO] src.utils.checkpoint_manager: Checkpoint saved: /tmp/mm_pipeline_test__onhnu90/baselines/checkpoints/abmil/abmil_20260330_022014_epoch0029.pt (epoch 29, val_auroc=0.5)
2026-03-30 02:20:47,242 [INFO] mm_pipeline:   Epoch 30/30: loss=0.0031, val_auroc=0.5000
2026-03-30 02:20:47,329 [INFO] mm_pipeline:   ABMIL test: AUROC=0.7500, Acc=0.5556
2026-03-30 02:20:47,329 [INFO] mm_pipeline: Stage baselines completed in 30.4s
2026-03-30 02:20:47,329 [INFO] mm_pipeline: ------------------------------------------------------------
2026-03-30 02:20:47,329 [INFO] mm_pipeline: STAGE: FOUNDATION
2026-03-30 02:20:47,329 [INFO] mm_pipeline: ------------------------------------------------------------
2026-03-30 02:20:47,338 [INFO] mm_pipeline: Training TransMIL head (dim=2048)...
2026-03-30 02:20:48,175 [INFO] src.utils.checkpoint_manager: Checkpoint saved: /tmp/mm_pipeline_test__onhnu90/foundation/checkpoints/transmil_20260330_022014_epoch0000.pt (epoch 0, val_auroc=0.7142857142857143)
2026-03-30 02:20:48,175 [INFO] src.utils.checkpoint_manager: New best: val_auroc=0.7143
2026-03-30 02:20:48,176 [INFO] mm_pipeline:   Epoch 1/30: loss=0.6599, val_auroc=0.7143
2026-03-30 02:20:48,995 [INFO] src.utils.checkpoint_manager: Checkpoint saved: /tmp/mm_pipeline_test__onhnu90/foundation/checkpoints/transmil_20260330_022014_epoch0001.pt (epoch 1, val_auroc=0.6428571428571428)
2026-03-30 02:20:49,802 [INFO] src.utils.checkpoint_manager: Checkpoint saved: /tmp/mm_pipeline_test__onhnu90/foundation/checkpoints/transmil_20260330_022014_epoch0002.pt (epoch 2, val_auroc=0.6428571428571428)
2026-03-30 02:20:50,571 [INFO] src.utils.checkpoint_manager: Checkpoint saved: /tmp/mm_pipeline_test__onhnu90/foundation/checkpoints/transmil_20260330_022014_epoch0003.pt (epoch 3, val_auroc=0.6428571428571428)
2026-03-30 02:20:51,336 [INFO] src.utils.checkpoint_manager: Checkpoint saved: /tmp/mm_pipeline_test__onhnu90/foundation/checkpoints/transmil_20260330_022014_epoch0004.pt (epoch 4, val_auroc=0.6428571428571428)
2026-03-30 02:20:52,122 [INFO] src.utils.checkpoint_manager: Checkpoint saved: /tmp/mm_pipeline_test__onhnu90/foundation/checkpoints/transmil_20260330_022014_epoch0005.pt (epoch 5, val_auroc=0.6428571428571428)
2026-03-30 02:20:52,892 [INFO] src.utils.checkpoint_manager: Checkpoint saved: /tmp/mm_pipeline_test__onhnu90/foundation/checkpoints/transmil_20260330_022014_epoch0006.pt (epoch 6, val_auroc=0.6428571428571428)
2026-03-30 02:20:53,682 [INFO] src.utils.checkpoint_manager: Checkpoint saved: /tmp/mm_pipeline_test__onhnu90/foundation/checkpoints/transmil_20260330_022014_epoch0007.pt (epoch 7, val_auroc=0.6428571428571428)
2026-03-30 02:20:54,470 [INFO] src.utils.checkpoint_manager: Checkpoint saved: /tmp/mm_pipeline_test__onhnu90/foundation/checkpoints/transmil_20260330_022014_epoch0008.pt (epoch 8, val_auroc=0.6428571428571428)
2026-03-30 02:20:55,260 [INFO] src.utils.checkpoint_manager: Checkpoint saved: /tmp/mm_pipeline_test__onhnu90/foundation/checkpoints/transmil_20260330_022014_epoch0009.pt (epoch 9, val_auroc=0.6428571428571428)
2026-03-30 02:20:55,263 [INFO] mm_pipeline:   Epoch 10/30: loss=0.0007, val_auroc=0.6429
2026-03-30 02:20:56,048 [INFO] src.utils.checkpoint_manager: Checkpoint saved: /tmp/mm_pipeline_test__onhnu90/foundation/checkpoints/transmil_20260330_022014_epoch0010.pt (epoch 10, val_auroc=0.6428571428571428)
2026-03-30 02:20:56,810 [INFO] src.utils.checkpoint_manager: Checkpoint saved: /tmp/mm_pipeline_test__onhnu90/foundation/checkpoints/transmil_20260330_022014_epoch0011.pt (epoch 11, val_auroc=0.6428571428571428)
2026-03-30 02:20:57,581 [INFO] src.utils.checkpoint_manager: Checkpoint saved: /tmp/mm_pipeline_test__onhnu90/foundation/checkpoints/transmil_20260330_022014_epoch0012.pt (epoch 12, val_auroc=0.6428571428571428)
2026-03-30 02:20:58,368 [INFO] src.utils.checkpoint_manager: Checkpoint saved: /tmp/mm_pipeline_test__onhnu90/foundation/checkpoints/transmil_20260330_022014_epoch0013.pt (epoch 13, val_auroc=0.6428571428571428)
2026-03-30 02:20:59,156 [INFO] src.utils.checkpoint_manager: Checkpoint saved: /tmp/mm_pipeline_test__onhnu90/foundation/checkpoints/transmil_20260330_022014_epoch0014.pt (epoch 14, val_auroc=0.6428571428571428)
2026-03-30 02:20:59,938 [INFO] src.utils.checkpoint_manager: Checkpoint saved: /tmp/mm_pipeline_test__onhnu90/foundation/checkpoints/transmil_20260330_022014_epoch0015.pt (epoch 15, val_auroc=0.6428571428571428)
2026-03-30 02:21:00,720 [INFO] src.utils.checkpoint_manager: Checkpoint saved: /tmp/mm_pipeline_test__onhnu90/foundation/checkpoints/transmil_20260330_022014_epoch0016.pt (epoch 16, val_auroc=0.6428571428571428)
2026-03-30 02:21:01,494 [INFO] src.utils.checkpoint_manager: Checkpoint saved: /tmp/mm_pipeline_test__onhnu90/foundation/checkpoints/transmil_20260330_022014_epoch0017.pt (epoch 17, val_auroc=0.6428571428571428)
2026-03-30 02:21:02,265 [INFO] src.utils.checkpoint_manager: Checkpoint saved: /tmp/mm_pipeline_test__onhnu90/foundation/checkpoints/transmil_20260330_022014_epoch0018.pt (epoch 18, val_auroc=0.6428571428571428)
2026-03-30 02:21:03,043 [INFO] src.utils.checkpoint_manager: Checkpoint saved: /tmp/mm_pipeline_test__onhnu90/foundation/checkpoints/transmil_20260330_022014_epoch0019.pt (epoch 19, val_auroc=0.6428571428571428)
2026-03-30 02:21:03,045 [INFO] mm_pipeline:   Epoch 20/30: loss=0.0003, val_auroc=0.6429
2026-03-30 02:21:03,831 [INFO] src.utils.checkpoint_manager: Checkpoint saved: /tmp/mm_pipeline_test__onhnu90/foundation/checkpoints/transmil_20260330_022014_epoch0020.pt (epoch 20, val_auroc=0.6428571428571428)
2026-03-30 02:21:04,631 [INFO] src.utils.checkpoint_manager: Checkpoint saved: /tmp/mm_pipeline_test__onhnu90/foundation/checkpoints/transmil_20260330_022014_epoch0021.pt (epoch 21, val_auroc=0.6428571428571428)
2026-03-30 02:21:05,412 [INFO] src.utils.checkpoint_manager: Checkpoint saved: /tmp/mm_pipeline_test__onhnu90/foundation/checkpoints/transmil_20260330_022014_epoch0022.pt (epoch 22, val_auroc=0.6428571428571428)
2026-03-30 02:21:06,189 [INFO] src.utils.checkpoint_manager: Checkpoint saved: /tmp/mm_pipeline_test__onhnu90/foundation/checkpoints/transmil_20260330_022014_epoch0023.pt (epoch 23, val_auroc=0.6428571428571428)
2026-03-30 02:21:06,970 [INFO] src.utils.checkpoint_manager: Checkpoint saved: /tmp/mm_pipeline_test__onhnu90/foundation/checkpoints/transmil_20260330_022014_epoch0024.pt (epoch 24, val_auroc=0.6428571428571428)
2026-03-30 02:21:07,741 [INFO] src.utils.checkpoint_manager: Checkpoint saved: /tmp/mm_pipeline_test__onhnu90/foundation/checkpoints/transmil_20260330_022014_epoch0025.pt (epoch 25, val_auroc=0.6428571428571428)
2026-03-30 02:21:08,509 [INFO] src.utils.checkpoint_manager: Checkpoint saved: /tmp/mm_pipeline_test__onhnu90/foundation/checkpoints/transmil_20260330_022014_epoch0026.pt (epoch 26, val_auroc=0.6428571428571428)
2026-03-30 02:21:09,277 [INFO] src.utils.checkpoint_manager: Checkpoint saved: /tmp/mm_pipeline_test__onhnu90/foundation/checkpoints/transmil_20260330_022014_epoch0027.pt (epoch 27, val_auroc=0.6428571428571428)
2026-03-30 02:21:10,068 [INFO] src.utils.checkpoint_manager: Checkpoint saved: /tmp/mm_pipeline_test__onhnu90/foundation/checkpoints/transmil_20260330_022014_epoch0028.pt (epoch 28, val_auroc=0.6428571428571428)
2026-03-30 02:21:10,925 [INFO] src.utils.checkpoint_manager: Checkpoint saved: /tmp/mm_pipeline_test__onhnu90/foundation/checkpoints/transmil_20260330_022014_epoch0029.pt (epoch 29, val_auroc=0.6428571428571428)
2026-03-30 02:21:10,927 [INFO] mm_pipeline:   Epoch 30/30: loss=0.0003, val_auroc=0.6429
2026-03-30 02:21:11,014 [INFO] mm_pipeline:   TransMIL test AUROC: 0.8000
2026-03-30 02:21:11,015 [INFO] mm_pipeline: Stage foundation completed in 23.7s
2026-03-30 02:21:11,015 [INFO] mm_pipeline: ------------------------------------------------------------
2026-03-30 02:21:11,015 [INFO] mm_pipeline: STAGE: FUSION
2026-03-30 02:21:11,015 [INFO] mm_pipeline: ------------------------------------------------------------
2026-03-30 02:21:11,026 [INFO] mm_pipeline: Training gated fusion (img=2048, rad=93)...
2026-03-30 02:21:11,428 [INFO] src.utils.checkpoint_manager: Checkpoint saved: /tmp/mm_pipeline_test__onhnu90/fusion/checkpoints/gated_fusion_20260330_022014_epoch0000.pt (epoch 0, val_auroc=0.7857142857142857)
2026-03-30 02:21:11,429 [INFO] src.utils.checkpoint_manager: New best: val_auroc=0.7857
2026-03-30 02:21:11,429 [INFO] mm_pipeline:   Epoch 1/50: loss=0.6997, val_auroc=0.7857
2026-03-30 02:21:11,439 [INFO] src.utils.checkpoint_manager: Checkpoint saved: /tmp/mm_pipeline_test__onhnu90/fusion/checkpoints/gated_fusion_20260330_022014_epoch0001.pt (epoch 1, val_auroc=0.6428571428571428)
2026-03-30 02:21:11,449 [INFO] src.utils.checkpoint_manager: Checkpoint saved: /tmp/mm_pipeline_test__onhnu90/fusion/checkpoints/gated_fusion_20260330_022014_epoch0002.pt (epoch 2, val_auroc=0.6428571428571428)
2026-03-30 02:21:11,459 [INFO] src.utils.checkpoint_manager: Checkpoint saved: /tmp/mm_pipeline_test__onhnu90/fusion/checkpoints/gated_fusion_20260330_022014_epoch0003.pt (epoch 3, val_auroc=0.6428571428571428)
2026-03-30 02:21:11,471 [INFO] src.utils.checkpoint_manager: Checkpoint saved: /tmp/mm_pipeline_test__onhnu90/fusion/checkpoints/gated_fusion_20260330_022014_epoch0004.pt (epoch 4, val_auroc=0.5714285714285714)
2026-03-30 02:21:11,481 [INFO] src.utils.checkpoint_manager: Checkpoint saved: /tmp/mm_pipeline_test__onhnu90/fusion/checkpoints/gated_fusion_20260330_022014_epoch0005.pt (epoch 5, val_auroc=0.5714285714285714)
2026-03-30 02:21:11,491 [INFO] src.utils.checkpoint_manager: Checkpoint saved: /tmp/mm_pipeline_test__onhnu90/fusion/checkpoints/gated_fusion_20260330_022014_epoch0006.pt (epoch 6, val_auroc=0.5)
2026-03-30 02:21:11,502 [INFO] src.utils.checkpoint_manager: Checkpoint saved: /tmp/mm_pipeline_test__onhnu90/fusion/checkpoints/gated_fusion_20260330_022014_epoch0007.pt (epoch 7, val_auroc=0.5)
2026-03-30 02:21:11,513 [INFO] src.utils.checkpoint_manager: Checkpoint saved: /tmp/mm_pipeline_test__onhnu90/fusion/checkpoints/gated_fusion_20260330_022014_epoch0008.pt (epoch 8, val_auroc=0.5)
2026-03-30 02:21:11,524 [INFO] src.utils.checkpoint_manager: Checkpoint saved: /tmp/mm_pipeline_test__onhnu90/fusion/checkpoints/gated_fusion_20260330_022014_epoch0009.pt (epoch 9, val_auroc=0.5)
2026-03-30 02:21:11,525 [INFO] mm_pipeline:   Epoch 10/50: loss=0.4397, val_auroc=0.5000
2026-03-30 02:21:11,535 [INFO] src.utils.checkpoint_manager: Checkpoint saved: /tmp/mm_pipeline_test__onhnu90/fusion/checkpoints/gated_fusion_20260330_022014_epoch0010.pt (epoch 10, val_auroc=0.5)
2026-03-30 02:21:11,545 [INFO] src.utils.checkpoint_manager: Checkpoint saved: /tmp/mm_pipeline_test__onhnu90/fusion/checkpoints/gated_fusion_20260330_022014_epoch0011.pt (epoch 11, val_auroc=0.5)
2026-03-30 02:21:11,556 [INFO] src.utils.checkpoint_manager: Checkpoint saved: /tmp/mm_pipeline_test__onhnu90/fusion/checkpoints/gated_fusion_20260330_022014_epoch0012.pt (epoch 12, val_auroc=0.5)
2026-03-30 02:21:11,567 [INFO] src.utils.checkpoint_manager: Checkpoint saved: /tmp/mm_pipeline_test__onhnu90/fusion/checkpoints/gated_fusion_20260330_022014_epoch0013.pt (epoch 13, val_auroc=0.5)
2026-03-30 02:21:11,578 [INFO] src.utils.checkpoint_manager: Checkpoint saved: /tmp/mm_pipeline_test__onhnu90/fusion/checkpoints/gated_fusion_20260330_022014_epoch0014.pt (epoch 14, val_auroc=0.5)
2026-03-30 02:21:11,588 [INFO] src.utils.checkpoint_manager: Checkpoint saved: /tmp/mm_pipeline_test__onhnu90/fusion/checkpoints/gated_fusion_20260330_022014_epoch0015.pt (epoch 15, val_auroc=0.5)
2026-03-30 02:21:11,599 [INFO] src.utils.checkpoint_manager: Checkpoint saved: /tmp/mm_pipeline_test__onhnu90/fusion/checkpoints/gated_fusion_20260330_022014_epoch0016.pt (epoch 16, val_auroc=0.5)
2026-03-30 02:21:11,610 [INFO] src.utils.checkpoint_manager: Checkpoint saved: /tmp/mm_pipeline_test__onhnu90/fusion/checkpoints/gated_fusion_20260330_022014_epoch0017.pt (epoch 17, val_auroc=0.5)
2026-03-30 02:21:11,621 [INFO] src.utils.checkpoint_manager: Checkpoint saved: /tmp/mm_pipeline_test__onhnu90/fusion/checkpoints/gated_fusion_20260330_022014_epoch0018.pt (epoch 18, val_auroc=0.5)
2026-03-30 02:21:11,631 [INFO] src.utils.checkpoint_manager: Checkpoint saved: /tmp/mm_pipeline_test__onhnu90/fusion/checkpoints/gated_fusion_20260330_022014_epoch0019.pt (epoch 19, val_auroc=0.5)
2026-03-30 02:21:11,632 [INFO] mm_pipeline:   Epoch 20/50: loss=0.2041, val_auroc=0.5000
2026-03-30 02:21:11,642 [INFO] src.utils.checkpoint_manager: Checkpoint saved: /tmp/mm_pipeline_test__onhnu90/fusion/checkpoints/gated_fusion_20260330_022014_epoch0020.pt (epoch 20, val_auroc=0.5)
2026-03-30 02:21:11,652 [INFO] src.utils.checkpoint_manager: Checkpoint saved: /tmp/mm_pipeline_test__onhnu90/fusion/checkpoints/gated_fusion_20260330_022014_epoch0021.pt (epoch 21, val_auroc=0.5)
2026-03-30 02:21:11,661 [INFO] src.utils.checkpoint_manager: Checkpoint saved: /tmp/mm_pipeline_test__onhnu90/fusion/checkpoints/gated_fusion_20260330_022014_epoch0022.pt (epoch 22, val_auroc=0.5)
2026-03-30 02:21:11,670 [INFO] src.utils.checkpoint_manager: Checkpoint saved: /tmp/mm_pipeline_test__onhnu90/fusion/checkpoints/gated_fusion_20260330_022014_epoch0023.pt (epoch 23, val_auroc=0.5)
2026-03-30 02:21:11,679 [INFO] src.utils.checkpoint_manager: Checkpoint saved: /tmp/mm_pipeline_test__onhnu90/fusion/checkpoints/gated_fusion_20260330_022014_epoch0024.pt (epoch 24, val_auroc=0.5)
2026-03-30 02:21:11,688 [INFO] src.utils.checkpoint_manager: Checkpoint saved: /tmp/mm_pipeline_test__onhnu90/fusion/checkpoints/gated_fusion_20260330_022014_epoch0025.pt (epoch 25, val_auroc=0.5)
2026-03-30 02:21:11,697 [INFO] src.utils.checkpoint_manager: Checkpoint saved: /tmp/mm_pipeline_test__onhnu90/fusion/checkpoints/gated_fusion_20260330_022014_epoch0026.pt (epoch 26, val_auroc=0.5)
2026-03-30 02:21:11,706 [INFO] src.utils.checkpoint_manager: Checkpoint saved: /tmp/mm_pipeline_test__onhnu90/fusion/checkpoints/gated_fusion_20260330_022014_epoch0027.pt (epoch 27, val_auroc=0.5)
2026-03-30 02:21:11,715 [INFO] src.utils.checkpoint_manager: Checkpoint saved: /tmp/mm_pipeline_test__onhnu90/fusion/checkpoints/gated_fusion_20260330_022014_epoch0028.pt (epoch 28, val_auroc=0.5)
2026-03-30 02:21:11,725 [INFO] src.utils.checkpoint_manager: Checkpoint saved: /tmp/mm_pipeline_test__onhnu90/fusion/checkpoints/gated_fusion_20260330_022014_epoch0029.pt (epoch 29, val_auroc=0.5)
2026-03-30 02:21:11,726 [INFO] mm_pipeline:   Epoch 30/50: loss=0.0383, val_auroc=0.5000
2026-03-30 02:21:11,734 [INFO] src.utils.checkpoint_manager: Checkpoint saved: /tmp/mm_pipeline_test__onhnu90/fusion/checkpoints/gated_fusion_20260330_022014_epoch0030.pt (epoch 30, val_auroc=0.5)
2026-03-30 02:21:11,743 [INFO] src.utils.checkpoint_manager: Checkpoint saved: /tmp/mm_pipeline_test__onhnu90/fusion/checkpoints/gated_fusion_20260330_022014_epoch0031.pt (epoch 31, val_auroc=0.5)
2026-03-30 02:21:11,752 [INFO] src.utils.checkpoint_manager: Checkpoint saved: /tmp/mm_pipeline_test__onhnu90/fusion/checkpoints/gated_fusion_20260330_022014_epoch0032.pt (epoch 32, val_auroc=0.5)
2026-03-30 02:21:11,761 [INFO] src.utils.checkpoint_manager: Checkpoint saved: /tmp/mm_pipeline_test__onhnu90/fusion/checkpoints/gated_fusion_20260330_022014_epoch0033.pt (epoch 33, val_auroc=0.5)
2026-03-30 02:21:11,770 [INFO] src.utils.checkpoint_manager: Checkpoint saved: /tmp/mm_pipeline_test__onhnu90/fusion/checkpoints/gated_fusion_20260330_022014_epoch0034.pt (epoch 34, val_auroc=0.5)
2026-03-30 02:21:11,779 [INFO] src.utils.checkpoint_manager: Checkpoint saved: /tmp/mm_pipeline_test__onhnu90/fusion/checkpoints/gated_fusion_20260330_022014_epoch0035.pt (epoch 35, val_auroc=0.5)
2026-03-30 02:21:11,789 [INFO] src.utils.checkpoint_manager: Checkpoint saved: /tmp/mm_pipeline_test__onhnu90/fusion/checkpoints/gated_fusion_20260330_022014_epoch0036.pt (epoch 36, val_auroc=0.5)
2026-03-30 02:21:11,798 [INFO] src.utils.checkpoint_manager: Checkpoint saved: /tmp/mm_pipeline_test__onhnu90/fusion/checkpoints/gated_fusion_20260330_022014_epoch0037.pt (epoch 37, val_auroc=0.5)
2026-03-30 02:21:11,807 [INFO] src.utils.checkpoint_manager: Checkpoint saved: /tmp/mm_pipeline_test__onhnu90/fusion/checkpoints/gated_fusion_20260330_022014_epoch0038.pt (epoch 38, val_auroc=0.5)
2026-03-30 02:21:11,816 [INFO] src.utils.checkpoint_manager: Checkpoint saved: /tmp/mm_pipeline_test__onhnu90/fusion/checkpoints/gated_fusion_20260330_022014_epoch0039.pt (epoch 39, val_auroc=0.5)
2026-03-30 02:21:11,817 [INFO] mm_pipeline:   Epoch 40/50: loss=0.0045, val_auroc=0.5000
2026-03-30 02:21:11,825 [INFO] src.utils.checkpoint_manager: Checkpoint saved: /tmp/mm_pipeline_test__onhnu90/fusion/checkpoints/gated_fusion_20260330_022014_epoch0040.pt (epoch 40, val_auroc=0.5)
2026-03-30 02:21:11,835 [INFO] src.utils.checkpoint_manager: Checkpoint saved: /tmp/mm_pipeline_test__onhnu90/fusion/checkpoints/gated_fusion_20260330_022014_epoch0041.pt (epoch 41, val_auroc=0.5)
2026-03-30 02:21:11,845 [INFO] src.utils.checkpoint_manager: Checkpoint saved: /tmp/mm_pipeline_test__onhnu90/fusion/checkpoints/gated_fusion_20260330_022014_epoch0042.pt (epoch 42, val_auroc=0.5)
2026-03-30 02:21:11,854 [INFO] src.utils.checkpoint_manager: Checkpoint saved: /tmp/mm_pipeline_test__onhnu90/fusion/checkpoints/gated_fusion_20260330_022014_epoch0043.pt (epoch 43, val_auroc=0.5)
2026-03-30 02:21:11,863 [INFO] src.utils.checkpoint_manager: Checkpoint saved: /tmp/mm_pipeline_test__onhnu90/fusion/checkpoints/gated_fusion_20260330_022014_epoch0044.pt (epoch 44, val_auroc=0.5)
2026-03-30 02:21:11,873 [INFO] src.utils.checkpoint_manager: Checkpoint saved: /tmp/mm_pipeline_test__onhnu90/fusion/checkpoints/gated_fusion_20260330_022014_epoch0045.pt (epoch 45, val_auroc=0.5)
2026-03-30 02:21:11,882 [INFO] src.utils.checkpoint_manager: Checkpoint saved: /tmp/mm_pipeline_test__onhnu90/fusion/checkpoints/gated_fusion_20260330_022014_epoch0046.pt (epoch 46, val_auroc=0.5)
2026-03-30 02:21:11,891 [INFO] src.utils.checkpoint_manager: Checkpoint saved: /tmp/mm_pipeline_test__onhnu90/fusion/checkpoints/gated_fusion_20260330_022014_epoch0047.pt (epoch 47, val_auroc=0.5)
2026-03-30 02:21:11,900 [INFO] src.utils.checkpoint_manager: Checkpoint saved: /tmp/mm_pipeline_test__onhnu90/fusion/checkpoints/gated_fusion_20260330_022014_epoch0048.pt (epoch 48, val_auroc=0.5)
2026-03-30 02:21:11,909 [INFO] src.utils.checkpoint_manager: Checkpoint saved: /tmp/mm_pipeline_test__onhnu90/fusion/checkpoints/gated_fusion_20260330_022014_epoch0049.pt (epoch 49, val_auroc=0.5)
2026-03-30 02:21:11,910 [INFO] mm_pipeline:   Epoch 50/50: loss=0.0007, val_auroc=0.5000
2026-03-30 02:21:11,912 [INFO] mm_pipeline:   Gated fusion test: AUROC=0.7500, Acc=0.6667
2026-03-30 02:21:11,912 [INFO] mm_pipeline:   Modality weights: imaging=0.508, radiomics=0.492
2026-03-30 02:21:11,913 [INFO] mm_pipeline: Stage fusion completed in 0.9s
2026-03-30 02:21:11,913 [INFO] mm_pipeline: ------------------------------------------------------------
2026-03-30 02:21:11,913 [INFO] mm_pipeline: STAGE: EVALUATION
2026-03-30 02:21:11,913 [INFO] mm_pipeline: ------------------------------------------------------------
2026-03-30 02:21:11,913 [INFO] mm_pipeline: 
============================================================
2026-03-30 02:21:11,913 [INFO] mm_pipeline: MODEL COMPARISON
2026-03-30 02:21:11,913 [INFO] mm_pipeline: ============================================================
2026-03-30 02:21:11,913 [INFO] mm_pipeline: Model                        AUROC   Accuracy
2026-03-30 02:21:11,913 [INFO] mm_pipeline: ---------------------------------------------
2026-03-30 02:21:11,913 [INFO] mm_pipeline: logistic_regression         0.9000     0.5556
2026-03-30 02:21:11,913 [INFO] mm_pipeline: random_forest               1.0000     0.8889
2026-03-30 02:21:11,913 [INFO] mm_pipeline: abmil                       0.7500     0.5556
2026-03-30 02:21:11,913 [INFO] mm_pipeline: transmil                    0.8000        N/A
2026-03-30 02:21:11,913 [INFO] mm_pipeline: gated_fusion                0.7500     0.6667
2026-03-30 02:21:11,913 [INFO] mm_pipeline: 
============================================================
2026-03-30 02:21:11,913 [INFO] mm_pipeline: BENCHMARK COMPARISON
2026-03-30 02:21:11,913 [INFO] mm_pipeline: ============================================================
2026-03-30 02:21:11,913 [INFO] mm_pipeline:   t11_14_detection: AUROC=0.85 (source: H&E-based t(11;14) detection study)
2026-03-30 02:21:11,913 [INFO] mm_pipeline:   multimodal_t11_14: AUROC=0.892 (source: 2024 multimodal morphology+flow cytometry study)
2026-03-30 02:21:11,913 [INFO] mm_pipeline:   pet_ct_radiomics: AUROC=0.71 (source: PET/CT radiomics NDMM prognostic study)
2026-03-30 02:21:11,913 [INFO] mm_pipeline:   multiomics_signature: AUROC=0.76 (source: Genomic + imaging integration study)
2026-03-30 02:21:11,914 [INFO] mm_pipeline: 
Metrics saved to /tmp/mm_pipeline_test__onhnu90/evaluation/all_metrics.json
2026-03-30 02:21:11,914 [INFO] mm_pipeline: Stage evaluation completed in 0.0s
2026-03-30 02:21:11,914 [INFO] mm_pipeline: ------------------------------------------------------------
2026-03-30 02:21:11,914 [INFO] mm_pipeline: STAGE: REPORT
2026-03-30 02:21:11,914 [INFO] mm_pipeline: ------------------------------------------------------------
2026-03-30 02:21:11,914 [INFO] mm_pipeline: Pipeline report: /tmp/mm_pipeline_test__onhnu90/reports/pipeline_report.json
2026-03-30 02:21:11,915 [INFO] mm_pipeline: Total checkpoints saved: 14
2026-03-30 02:21:11,916 [INFO] mm_pipeline: Stage report completed in 0.0s
2026-03-30 02:21:11,916 [INFO] mm_pipeline: ======================================================================
2026-03-30 02:21:11,916 [INFO] mm_pipeline: PIPELINE SUMMARY
2026-03-30 02:21:11,916 [INFO] mm_pipeline: ======================================================================
2026-03-30 02:21:11,916 [INFO] mm_pipeline:   preprocessing             2.7s  [OK]
2026-03-30 02:21:11,916 [INFO] mm_pipeline:   baselines                30.4s  [OK]
2026-03-30 02:21:11,916 [INFO] mm_pipeline:   foundation               23.7s  [OK]
2026-03-30 02:21:11,916 [INFO] mm_pipeline:   fusion                    0.9s  [OK]
2026-03-30 02:21:11,916 [INFO] mm_pipeline:   evaluation                0.0s  [OK]
2026-03-30 02:21:11,916 [INFO] mm_pipeline:   report                    0.0s  [OK]
2026-03-30 02:21:11,916 [INFO] mm_pipeline:   TOTAL                    57.6s
2026-03-30 02:21:11,916 [INFO] mm_pipeline:   Status: SUCCESS
